<?xml version="1.0" encoding="UTF-8"?>
<!-- Generated by org.testng.reporters.JUnitXMLReporter -->
<testsuite ignored="0" hostname="SagarP" failures="0" tests="3" name="Default test" time="103.989" errors="0" timestamp="2023-07-31T17:21:17 IST">
  <testcase classname="practiceTestNg.DataProvider" name="f" time="42.577"/>
  <testcase classname="practiceTestNg.DataProvider" name="f" time="45.953"/>
  <testcase classname="practiceTestNg.DataProvider" name="f" time="15.156"/>
</testsuite> <!-- Default test -->
