<?xml version="1.0" encoding="UTF-8"?>
<!-- Generated by org.testng.reporters.JUnitXMLReporter -->
<testsuite ignored="8" hostname="SagarP" failures="1" tests="2" name="Test(failed)(failed)" time="0.23" errors="0" timestamp="2023-07-30T15:12:16 IST">
  <testcase classname="practiceTestNg.FailB" name="e" time="0.053">
    <failure type="java.lang.AssertionError" message="null">
      <![CDATA[java.lang.AssertionError: null
at practiceTestNg.FailB.e(FailB.java:28)
at java.base/java.util.ArrayList.forEach(ArrayList.java:1511)
... Removed 29 stack frames]]>
    </failure>
  </testcase> <!-- e -->
  <testcase classname="practiceTestNg.FailA" name="i" time="0.016"/>
  <testcase classname="practiceTestNg.FailB" name="b" time="0.0">
    <ignored/>
  </testcase> <!-- b -->
  <testcase classname="practiceTestNg.FailA" name="h" time="0.0">
    <ignored/>
  </testcase> <!-- h -->
  <testcase classname="practiceTestNg.FailB" name="c" time="0.0">
    <ignored/>
  </testcase> <!-- c -->
  <testcase classname="practiceTestNg.FailA" name="j" time="0.0">
    <ignored/>
  </testcase> <!-- j -->
  <testcase classname="practiceTestNg.FailB" name="a" time="0.0">
    <ignored/>
  </testcase> <!-- a -->
  <testcase classname="practiceTestNg.FailB" name="d" time="0.0">
    <ignored/>
  </testcase> <!-- d -->
  <testcase classname="practiceTestNg.FailA" name="f" time="0.0">
    <ignored/>
  </testcase> <!-- f -->
  <testcase classname="practiceTestNg.FailA" name="g" time="0.0">
    <ignored/>
  </testcase> <!-- g -->
</testsuite> <!-- Test(failed)(failed) -->
