<?xml version="1.0" encoding="UTF-8"?>
<!-- Generated by org.testng.reporters.JUnitXMLReporter -->
<testsuite ignored="5" hostname="SagarP" failures="2" tests="5" name="Test(failed)" time="0.488" errors="0" timestamp="2023-07-30T15:11:40 IST">
  <testcase classname="practiceTestNg.FailA" name="g" time="0.047"/>
  <testcase classname="practiceTestNg.FailA" name="i" time="0.027">
    <failure type="java.lang.AssertionError" message="null">
      <![CDATA[java.lang.AssertionError: null
at practiceTestNg.FailA.i(FailA.java:23)
at java.base/java.util.ArrayList.forEach(ArrayList.java:1511)
... Removed 29 stack frames]]>
    </failure>
  </testcase> <!-- i -->
  <testcase classname="practiceTestNg.FailB" name="e" time="0.005">
    <failure type="java.lang.AssertionError" message="null">
      <![CDATA[java.lang.AssertionError: null
at practiceTestNg.FailB.e(FailB.java:28)
at java.base/java.util.ArrayList.forEach(ArrayList.java:1511)
... Removed 29 stack frames]]>
    </failure>
  </testcase> <!-- e -->
  <testcase classname="practiceTestNg.FailB" name="c" time="0.019"/>
  <testcase classname="practiceTestNg.FailB" name="a" time="0.006"/>
  <testcase classname="practiceTestNg.FailA" name="f" time="0.0">
    <ignored/>
  </testcase> <!-- f -->
  <testcase classname="practiceTestNg.FailB" name="b" time="0.0">
    <ignored/>
  </testcase> <!-- b -->
  <testcase classname="practiceTestNg.FailA" name="h" time="0.0">
    <ignored/>
  </testcase> <!-- h -->
  <testcase classname="practiceTestNg.FailB" name="d" time="0.0">
    <ignored/>
  </testcase> <!-- d -->
  <testcase classname="practiceTestNg.FailA" name="j" time="0.0">
    <ignored/>
  </testcase> <!-- j -->
</testsuite> <!-- Test(failed) -->
