<?xml version="1.0" encoding="UTF-8"?>
<testng-results ignored="0" total="1" passed="1" failed="0" skipped="0">
  <reporter-output>
    <line>
      <![CDATA[Browser Launch successfully.. ]]>
    </line>
    <line>
      <![CDATA[TC executions is Start...]]>
    </line>
    <line>
      <![CDATA[TC successfully run...]]>
    </line>
  </reporter-output>
  <suite started-at="2023-07-14T19:12:34 IST" name="Suite" finished-at="2023-07-14T19:14:01 IST" duration-ms="87929">
    <groups>
    </groups>
    <test started-at="2023-07-14T19:12:34 IST" name="Test" finished-at="2023-07-14T19:14:01 IST" duration-ms="87929">
      <class name="zohoPom.ZohoTestProp">
        <test-method is-config="true" signature="lanuchApp()[pri:0, instance:zohoPom.ZohoTestProp@279fedbd]" started-at="2023-07-14T19:12:34 IST" name="lanuchApp" finished-at="2023-07-14T19:13:43 IST" duration-ms="69576" status="PASS">
          <reporter-output>
            <line>
              <![CDATA[Browser Launch successfully.. ]]>
            </line>
          </reporter-output>
        </test-method> <!-- lanuchApp -->
        <test-method signature="VerifyUn()[pri:0, instance:zohoPom.ZohoTestProp@279fedbd]" started-at="2023-07-14T19:13:43 IST" name="VerifyUn" finished-at="2023-07-14T19:13:43 IST" duration-ms="149" status="PASS">
          <reporter-output>
            <line>
              <![CDATA[TC executions is Start...]]>
            </line>
            <line>
              <![CDATA[TC successfully run...]]>
            </line>
          </reporter-output>
        </test-method> <!-- VerifyUn -->
        <test-method is-config="true" signature="logoutApp()[pri:0, instance:zohoPom.ZohoTestProp@279fedbd]" started-at="2023-07-14T19:13:43 IST" name="logoutApp" finished-at="2023-07-14T19:14:01 IST" duration-ms="18045" status="PASS">
          <reporter-output>
          </reporter-output>
        </test-method> <!-- logoutApp -->
      </class> <!-- zohoPom.ZohoTestProp -->
    </test> <!-- Test -->
  </suite> <!-- Suite -->
</testng-results>
