<?xml version="1.0" encoding="UTF-8"?>
<testng-results ignored="0" total="3" passed="3" failed="0" skipped="0">
  <reporter-output>
  </reporter-output>
  <suite started-at="2023-07-31T17:19:31 IST" name="Default suite" finished-at="2023-07-31T17:21:15 IST" duration-ms="103989">
    <groups>
    </groups>
    <test started-at="2023-07-31T17:19:31 IST" name="Default test" finished-at="2023-07-31T17:21:15 IST" duration-ms="103989">
      <class name="practiceTestNg.DataProvider">
        <test-method signature="f(java.lang.String,java.lang.String)[pri:0, instance:practiceTestNg.DataProvider@2f4948e4]" started-at="2023-07-31T17:19:31 IST" name="f" data-provider="FbData" finished-at="2023-07-31T17:20:13 IST" duration-ms="42577" status="PASS">
          <params>
            <param index="0">
              <value>
                <![CDATA[Pallavi]]>
              </value>
            </param>
            <param index="1">
              <value>
                <![CDATA[12345]]>
              </value>
            </param>
          </params>
          <reporter-output>
          </reporter-output>
        </test-method> <!-- f -->
        <test-method signature="f(java.lang.String,java.lang.String)[pri:0, instance:practiceTestNg.DataProvider@2f4948e4]" started-at="2023-07-31T17:20:13 IST" name="f" data-provider="FbData" finished-at="2023-07-31T17:20:59 IST" duration-ms="45953" status="PASS">
          <params>
            <param index="0">
              <value>
                <![CDATA[Priya]]>
              </value>
            </param>
            <param index="1">
              <value>
                <![CDATA[86756]]>
              </value>
            </param>
          </params>
          <reporter-output>
          </reporter-output>
        </test-method> <!-- f -->
        <test-method signature="f(java.lang.String,java.lang.String)[pri:0, instance:practiceTestNg.DataProvider@2f4948e4]" started-at="2023-07-31T17:20:59 IST" name="f" data-provider="FbData" finished-at="2023-07-31T17:21:15 IST" duration-ms="15156" status="PASS">
          <params>
            <param index="0">
              <value>
                <![CDATA[Kalyani]]>
              </value>
            </param>
            <param index="1">
              <value>
                <![CDATA[36374]]>
              </value>
            </param>
          </params>
          <reporter-output>
          </reporter-output>
        </test-method> <!-- f -->
      </class> <!-- practiceTestNg.DataProvider -->
    </test> <!-- Default test -->
  </suite> <!-- Default suite -->
</testng-results>
