<?xml version="1.0" encoding="UTF-8"?>
<!-- Generated by org.testng.reporters.JUnitXMLReporter -->
<testsuite ignored="4" hostname="SagarP" failures="0" tests="1" name="Test(failed)(failed)(failed)" time="0.229" errors="0" timestamp="2023-07-30T15:13:25 IST">
  <testcase classname="practiceTestNg.FailB" name="e" time="0.023"/>
  <testcase classname="practiceTestNg.FailB" name="c" time="0.0">
    <ignored/>
  </testcase> <!-- c -->
  <testcase classname="practiceTestNg.FailB" name="b" time="0.0">
    <ignored/>
  </testcase> <!-- b -->
  <testcase classname="practiceTestNg.FailB" name="a" time="0.0">
    <ignored/>
  </testcase> <!-- a -->
  <testcase classname="practiceTestNg.FailB" name="d" time="0.0">
    <ignored/>
  </testcase> <!-- d -->
</testsuite> <!-- Test(failed)(failed)(failed) -->
